<?xml version="1.0" encoding="UTF-8"?>
<!-- Generated by org.testng.reporters.JUnitReportReporter -->
<testsuite hostname="LAPTOP-IDFKKK1S" failures="0" tests="1" name="phase4project.FlipkartPhase4Project" time="115.077" errors="0" timestamp="2023-02-12T16:29:59 IST" skipped="0">
  <testcase classname="phase4project.FlipkartPhase4Project" name="searchProduct" time="115.077"/>
  <system-out/>
</testsuite> <!-- phase4project.FlipkartPhase4Project -->
